<?xml version="1.0" encoding="UTF-8"?>
<testsuite name="LeapYearTest" tests="4" skipped="0" failures="0" errors="0" timestamp="2016-06-30T03:46:35" hostname="Matthews-MBP-2.att.net" time="0.003">
  <properties/>
  <testcase name="isLeapYear_forMultiplesOfFourHundred_true" classname="LeapYearTest" time="0.002"/>
  <testcase name="isLeapYear_forNumberDivisibleByFour_true" classname="LeapYearTest" time="0.0"/>
  <testcase name="isLeapYear_forNumbersNotDivisibleByFour_false" classname="LeapYearTest" time="0.0"/>
  <testcase name="isLeapYear_forMultiplesOfOneHundred_false" classname="LeapYearTest" time="0.0"/>
  <system-out><![CDATA[]]></system-out>
  <system-err><![CDATA[]]></system-err>
</testsuite>
